Release 14.7 - xst P.20131013 (nt)
Copyright (c) 1995-2013 Xilinx, Inc.  All rights reserved.
--> Parameter TMPDIR set to xst/projnav.tmp


Total REAL time to Xst completion: 0.00 secs
Total CPU time to Xst completion: 0.11 secs
 
--> Parameter xsthdpdir set to xst


Total REAL time to Xst completion: 0.00 secs
Total CPU time to Xst completion: 0.11 secs
 
--> Reading design: dpsram_top_1.prj

TABLE OF CONTENTS
  1) Synthesis Options Summary
  2) HDL Parsing
  3) HDL Elaboration
  4) HDL Synthesis
       4.1) HDL Synthesis Report
  5) Advanced HDL Synthesis
       5.1) Advanced HDL Synthesis Report
  6) Low Level Synthesis
  7) Partition Report
  8) Design Summary
       8.1) Primitive and Black Box Usage
       8.2) Device utilization summary
       8.3) Partition Resource Summary
       8.4) Timing Report
            8.4.1) Clock Information
            8.4.2) Asynchronous Control Signals Information
            8.4.3) Timing Summary
            8.4.4) Timing Details
            8.4.5) Cross Clock Domains Report


=========================================================================
*                      Synthesis Options Summary                        *
=========================================================================
---- Source Parameters
Input File Name                    : "dpsram_top_1.prj"
Ignore Synthesis Constraint File   : NO

---- Target Parameters
Output File Name                   : "dpsram_top_1"
Output Format                      : NGC
Target Device                      : xc6slx9-3-tqg144

---- Source Options
Top Module Name                    : dpsram_top_1
Automatic FSM Extraction           : YES
FSM Encoding Algorithm             : Auto
Safe Implementation                : No
FSM Style                          : LUT
RAM Extraction                     : Yes
RAM Style                          : Auto
ROM Extraction                     : Yes
Shift Register Extraction          : YES
ROM Style                          : Auto
Resource Sharing                   : YES
Asynchronous To Synchronous        : NO
Shift Register Minimum Size        : 2
Use DSP Block                      : Auto
Automatic Register Balancing       : No

---- Target Options
LUT Combining                      : Auto
Reduce Control Sets                : Auto
Add IO Buffers                     : YES
Global Maximum Fanout              : 100000
Add Generic Clock Buffer(BUFG)     : 16
Register Duplication               : YES
Optimize Instantiated Primitives   : NO
Use Clock Enable                   : Auto
Use Synchronous Set                : Auto
Use Synchronous Reset              : Auto
Pack IO Registers into IOBs        : Auto
Equivalent register Removal        : YES

---- General Options
Optimization Goal                  : Speed
Optimization Effort                : 1
Power Reduction                    : NO
Keep Hierarchy                     : No
Netlist Hierarchy                  : As_Optimized
RTL Output                         : Yes
Global Optimization                : AllClockNets
Read Cores                         : YES
Write Timing Constraints           : NO
Cross Clock Analysis               : NO
Hierarchy Separator                : /
Bus Delimiter                      : <>
Case Specifier                     : Maintain
Slice Utilization Ratio            : 100
BRAM Utilization Ratio             : 100
DSP48 Utilization Ratio            : 100
Auto BRAM Packing                  : NO
Slice Utilization Ratio Delta      : 5

=========================================================================


=========================================================================
*                          HDL Parsing                                  *
=========================================================================
Analyzing Verilog file "C:\Users\Student\FIFO_top_1\dpsram_basic_top_1.v" into library work
Parsing module <dpsram_basic_top_1>.
Analyzing Verilog file "C:\Users\Student\FIFO_top_1\dpsram_top_1.v" into library work
Parsing module <dpsram_top_1>.

=========================================================================
*                            HDL Elaboration                            *
=========================================================================

Elaborating module <dpsram_top_1>.

Elaborating module <dpsram_basic_top_1>.

=========================================================================
*                           HDL Synthesis                               *
=========================================================================

Synthesizing Unit <dpsram_top_1>.
    Related source file is "C:\Users\Student\FIFO_top_1\dpsram_top_1.v".
        a_length = 3
        d_length = 8
INFO:Xst:3210 - "C:\Users\Student\FIFO_top_1\dpsram_top_1.v" line 36: Output port <data_out_port1> of the instance <memory> is unconnected or connected to loadless signal.
    Found 1-bit tristate buffer for signal <idle_pin_2<7>> created at line 34
    Found 1-bit tristate buffer for signal <idle_pin_2<6>> created at line 34
    Found 1-bit tristate buffer for signal <idle_pin_2<5>> created at line 34
    Found 1-bit tristate buffer for signal <idle_pin_2<4>> created at line 34
    Found 1-bit tristate buffer for signal <idle_pin_2<3>> created at line 34
    Found 1-bit tristate buffer for signal <idle_pin_2<2>> created at line 34
    Found 1-bit tristate buffer for signal <idle_pin_2<1>> created at line 34
    Found 1-bit tristate buffer for signal <idle_pin_2<0>> created at line 34
    Summary:
	inferred   8 Tristate(s).
Unit <dpsram_top_1> synthesized.

Synthesizing Unit <dpsram_basic_top_1>.
    Related source file is "C:\Users\Student\FIFO_top_1\dpsram_basic_top_1.v".
        a_length = 3
        d_length = 8
        config_depth = 8
    Found 8x8-bit dual-port RAM <Mram_mem> for signal <mem>.
    Found 8-bit register for signal <data_out_port2>.
    Found 8-bit register for signal <data_out_port1>.
    Found 3-bit comparator equal for signal <addr_in_port1[2]_addr_in_port2[2]_equal_13_o> created at line 60
    Summary:
	inferred   1 RAM(s).
	inferred  16 D-type flip-flop(s).
	inferred   1 Comparator(s).
Unit <dpsram_basic_top_1> synthesized.

=========================================================================
HDL Synthesis Report

Macro Statistics
# RAMs                                                 : 1
 8x8-bit dual-port RAM                                 : 1
# Registers                                            : 2
 8-bit register                                        : 2
# Comparators                                          : 1
 3-bit comparator equal                                : 1
# Tristates                                            : 8
 1-bit tristate buffer                                 : 8

=========================================================================

=========================================================================
*                       Advanced HDL Synthesis                          *
=========================================================================


Synthesizing (advanced) Unit <dpsram_basic_top_1>.
INFO:Xst:3226 - The RAM <Mram_mem> will be implemented as a BLOCK RAM, absorbing the following register(s): <data_out_port1> <data_out_port2>
    -----------------------------------------------------------------------
    | ram_type           | Block                               |          |
    -----------------------------------------------------------------------
    | Port A                                                              |
    |     aspect ratio   | 8-word x 8-bit                      |          |
    |     mode           | no-change                           |          |
    |     clkA           | connected to signal <clk_port1>     | rise     |
    |     enA            | connected to signal <en_port1>      | high     |
    |     weA            | connected to internal node          | low      |
    |     addrA          | connected to signal <addr_in_port1> |          |
    |     diA            | connected to signal <data_in_port1> |          |
    |     doA            | connected to signal <data_out_port1> |          |
    -----------------------------------------------------------------------
    | optimization       | speed                               |          |
    -----------------------------------------------------------------------
    | Port B                                                              |
    |     aspect ratio   | 8-word x 8-bit                      |          |
    |     mode           | write-first                         |          |
    |     clkB           | connected to signal <clk_port2>     | rise     |
    |     enB            | connected to signal <en_port2>      | high     |
    |     weB            | connected to signal <GND>           | high     |
    |     addrB          | connected to signal <addr_in_port2> |          |
    |     diB            | connected to signal <data_in_port2> |          |
    |     doB            | connected to signal <data_out_port2> |          |
    -----------------------------------------------------------------------
    | optimization       | speed                               |          |
    -----------------------------------------------------------------------
Unit <dpsram_basic_top_1> synthesized (advanced).

=========================================================================
Advanced HDL Synthesis Report

Macro Statistics
# RAMs                                                 : 1
 8x8-bit dual-port block RAM                           : 1
# Comparators                                          : 1
 3-bit comparator equal                                : 1

=========================================================================

=========================================================================
*                         Low Level Synthesis                           *
=========================================================================

Optimizing unit <dpsram_top_1> ...

Mapping all equations...
Building and optimizing final netlist ...
Found area constraint ratio of 100 (+ 5) on block dpsram_top_1, actual ratio is 0.

Final Macro Processing ...

=========================================================================
Final Register Report

Found no macro
=========================================================================

=========================================================================
*                           Partition Report                            *
=========================================================================

Partition Implementation Status
-------------------------------

  No Partitions were found in this design.

-------------------------------

=========================================================================
*                            Design Summary                             *
=========================================================================

Top Level Output File Name         : dpsram_top_1.ngc

Primitive and Black Box Usage:
------------------------------
# BELS                             : 3
#      GND                         : 1
#      LUT6                        : 1
#      VCC                         : 1
# RAMS                             : 1
#      RAMB8BWER                   : 1
# Clock Buffers                    : 2
#      BUFGP                       : 2
# IO Buffers                       : 24
#      IBUF                        : 16
#      OBUF                        : 8

Device utilization summary:
---------------------------

Selected Device : 6slx9tqg144-3 


Slice Logic Utilization: 
 Number of Slice LUTs:                    1  out of   5720     0%  
    Number used as Logic:                 1  out of   5720     0%  

Slice Logic Distribution: 
 Number of LUT Flip Flop pairs used:      1
   Number with an unused Flip Flop:       1  out of      1   100%  
   Number with an unused LUT:             0  out of      1     0%  
   Number of fully used LUT-FF pairs:     0  out of      1     0%  
   Number of unique control sets:         0

IO Utilization: 
 Number of IOs:                          26
 Number of bonded IOBs:                  26  out of    102    25%  

Specific Feature Utilization:
 Number of Block RAM/FIFO:                1  out of     32     3%  
    Number using Block RAM only:          1
 Number of BUFG/BUFGCTRLs:                2  out of     16    12%  

---------------------------
Partition Resource Summary:
---------------------------

  No Partitions were found in this design.

---------------------------


=========================================================================
Timing Report

NOTE: THESE TIMING NUMBERS ARE ONLY A SYNTHESIS ESTIMATE.
      FOR ACCURATE TIMING INFORMATION PLEASE REFER TO THE TRACE REPORT
      GENERATED AFTER PLACE-and-ROUTE.

Clock Information:
------------------
-----------------------------------+------------------------+-------+
Clock Signal                       | Clock buffer(FF name)  | Load  |
-----------------------------------+------------------------+-------+
rd_clk                             | BUFGP                  | 1     |
wr_clk                             | BUFGP                  | 1     |
-----------------------------------+------------------------+-------+

Asynchronous Control Signals Information:
----------------------------------------
No asynchronous control signals found in this design

Timing Summary:
---------------
Speed Grade: -3

   Minimum period: No path found
   Minimum input arrival time before clock: 3.273ns
   Maximum output required time after clock: 5.000ns
   Maximum combinational path delay: No path found

Timing Details:
---------------
All values displayed in nanoseconds (ns)

=========================================================================
Timing constraint: Default OFFSET IN BEFORE for Clock 'rd_clk'
  Total number of paths / destination ports: 4 / 4
-------------------------------------------------------------------------
Offset:              2.188ns (Levels of Logic = 1)
  Source:            b_rd_ptr<2> (PAD)
  Destination:       memory/Mram_mem (RAM)
  Destination Clock: rd_clk rising

  Data Path: b_rd_ptr<2> to memory/Mram_mem
                                Gate     Net
    Cell:in->out      fanout   Delay   Delay  Logical Name (Net Name)
    ----------------------------------------  ------------
     IBUF:I->O             2   1.222   0.616  b_rd_ptr_2_IBUF (b_rd_ptr_2_IBUF)
     RAMB8BWER:ADDRBRDADDR5        0.350          memory/Mram_mem
    ----------------------------------------
    Total                      2.188ns (1.572ns logic, 0.616ns route)
                                       (71.8% logic, 28.2% route)

=========================================================================
Timing constraint: Default OFFSET IN BEFORE for Clock 'wr_clk'
  Total number of paths / destination ports: 24 / 14
-------------------------------------------------------------------------
Offset:              3.273ns (Levels of Logic = 2)
  Source:            b_rd_ptr<0> (PAD)
  Destination:       memory/Mram_mem (RAM)
  Destination Clock: wr_clk rising

  Data Path: b_rd_ptr<0> to memory/Mram_mem
                                Gate     Net
    Cell:in->out      fanout   Delay   Delay  Logical Name (Net Name)
    ----------------------------------------  ------------
     IBUF:I->O             2   1.222   0.981  b_rd_ptr_0_IBUF (b_rd_ptr_0_IBUF)
     LUT6:I0->O            2   0.203   0.616  memory/addr_in_port1[2]_addr_in_port2[2]_equal_13_o_inv (memory/addr_in_port1[2]_addr_in_port2[2]_equal_13_o_inv)
     RAMB8BWER:WEAWEL0         0.250          memory/Mram_mem
    ----------------------------------------
    Total                      3.273ns (1.675ns logic, 1.598ns route)
                                       (51.2% logic, 48.8% route)

=========================================================================
Timing constraint: Default OFFSET OUT AFTER for Clock 'rd_clk'
  Total number of paths / destination ports: 8 / 8
-------------------------------------------------------------------------
Offset:              5.000ns (Levels of Logic = 1)
  Source:            memory/Mram_mem (RAM)
  Destination:       rd_data_out<7> (PAD)
  Source Clock:      rd_clk rising

  Data Path: memory/Mram_mem to rd_data_out<7>
                                Gate     Net
    Cell:in->out      fanout   Delay   Delay  Logical Name (Net Name)
    ----------------------------------------  ------------
     RAMB8BWER:CLKBRDCLK->DOBDO7    1   1.850   0.579  memory/Mram_mem (rd_data_out_7_OBUF)
     OBUF:I->O                 2.571          rd_data_out_7_OBUF (rd_data_out<7>)
    ----------------------------------------
    Total                      5.000ns (4.421ns logic, 0.579ns route)
                                       (88.4% logic, 11.6% route)

=========================================================================

Cross Clock Domains Report:
--------------------------

=========================================================================


Total REAL time to Xst completion: 3.00 secs
Total CPU time to Xst completion: 2.80 secs
 
--> 

Total memory usage is 263404 kilobytes

Number of errors   :    0 (   0 filtered)
Number of warnings :    0 (   0 filtered)
Number of infos    :    2 (   0 filtered)

