Running: C:\Xilinx\14.7\ISE_DS\ISE\bin\nt64\unwrapped\fuse.exe -intstyle ise -incremental -lib unisims_ver -lib unimacro_ver -lib xilinxcorelib_ver -lib secureip -o C:/Users/ADMIN/Desktop/read_control_top/test_rd_control_isim_beh.exe -prj C:/Users/ADMIN/Desktop/read_control_top/test_rd_control_beh.prj work.test_rd_control work.glbl 
ISim P.20131013 (signature 0x7708f090)
Number of CPUs detected in this system: 4
Turning on mult-threading, number of parallel sub-compilation jobs: 8 
Determining compilation order of HDL files
Analyzing Verilog file "C:/Users/ADMIN/Desktop/read_control_top/binary_up_counter.v" into library work
Analyzing Verilog file "C:/Users/ADMIN/Desktop/read_control_top/read_control_top.v" into library work
Analyzing Verilog file "C:/Users/ADMIN/Desktop/read_control_top/test_rd_control.v" into library work
Analyzing Verilog file "C:/Xilinx/14.7/ISE_DS/ISE//verilog/src/glbl.v" into library work
Starting static elaboration
Completed static elaboration
Compiling module binary_up_counter
Compiling module read_control_top
Compiling module test_rd_control
Compiling module glbl
Time Resolution for simulation is 1ps.
Waiting for 1 sub-compilation(s) to finish...
Compiled 4 Verilog Units
Built simulation executable C:/Users/ADMIN/Desktop/read_control_top/test_rd_control_isim_beh.exe
Fuse Memory Usage: 27228 KB
Fuse CPU Usage: 561 ms
